<?xml version="1.0" encoding="UTF-8"?>
<!-- Generated by org.testng.reporters.JUnitReportReporter -->
<testsuite hostname="DESKTOP-077G3EM" failures="0" tests="9" name="com.RingPay.TestScripts.RingPayTestScripts" time="198.208" errors="0" timestamp="2022-09-21T17:54:16 IST" skipped="0">
  <testcase classname="com.RingPay.TestScripts.RingPayTestScripts" name="ringPayAppLaunch" time="9.176"/>
  <system-out/>
  <testcase classname="com.RingPay.TestScripts.RingPayTestScripts" name="ringPayLogin" time="55.385"/>
  <system-out/>
  <testcase classname="com.RingPay.TestScripts.RingPayTestScripts" name="ringMerchantPay" time="57.896"/>
  <system-out/>
  <testcase classname="com.RingPay.TestScripts.RingPayTestScripts" name="ringRepayment" time="63.955"/>
  <system-out/>
  <testcase classname="com.RingPay.TestScripts.RingPayTestScripts" name="ringLogout" time="8.736"/>
  <system-out/>
  <testcase classname="com.RingPay.TestScripts.RingPayTestScripts" name="ringOtpApi_Positive" time="1.263"/>
  <system-out/>
  <testcase classname="com.RingPay.TestScripts.RingPayTestScripts" name="ringOtpApi_Negative" time="0.584"/>
  <system-out/>
  <testcase classname="com.RingPay.TestScripts.RingPayTestScripts" name="ringAuthApi_Positive" time="0.697"/>
  <system-out/>
  <testcase classname="com.RingPay.TestScripts.RingPayTestScripts" name="ringAuthApi_Negative" time="0.516"/>
  <system-out/>
</testsuite> <!-- com.RingPay.TestScripts.RingPayTestScripts -->
