<?xml version="1.0" encoding="UTF-8"?>
<!-- Generated by org.testng.reporters.JUnitReportReporter -->
<testsuite hostname="DESKTOP-077G3EM" failures="0" tests="2" name="com.RingPay.TestScripts.RingPayTestScripts" time="11.330" errors="0" timestamp="2022-09-21T21:32:57 IST" skipped="0">
  <testcase classname="com.RingPay.TestScripts.RingPayTestScripts" name="ringPayAppLaunch" time="9.709"/>
  <system-out/>
  <testcase classname="com.RingPay.TestScripts.RingPayTestScripts" name="ringAuthApi_Negative" time="1.621"/>
  <system-out/>
</testsuite> <!-- com.RingPay.TestScripts.RingPayTestScripts -->
