<?xml version="1.0" encoding="UTF-8"?>
<!-- Generated by org.testng.reporters.JUnitReportReporter -->
<testsuite hostname="DESKTOP-077G3EM" failures="0" tests="9" name="com.RingPay.TestScripts.RingPayTestScripts" time="152.805" errors="0" timestamp="2022-09-23T12:25:58 IST" skipped="0">
  <testcase classname="com.RingPay.TestScripts.RingPayTestScripts" name="ringPayAppLaunch" time="10.387"/>
  <system-out/>
  <testcase classname="com.RingPay.TestScripts.RingPayTestScripts" name="ringPayLogin" time="44.298"/>
  <system-out/>
  <testcase classname="com.RingPay.TestScripts.RingPayTestScripts" name="ringMerchantPay" time="59.933"/>
  <system-out/>
  <testcase classname="com.RingPay.TestScripts.RingPayTestScripts" name="ringTransactionDetails" time="24.911"/>
  <system-out/>
  <testcase classname="com.RingPay.TestScripts.RingPayTestScripts" name="ringLogout" time="8.903"/>
  <system-out/>
  <testcase classname="com.RingPay.TestScripts.RingPayTestScripts" name="ringOtpApi_Positive" time="1.383"/>
  <system-out/>
  <testcase classname="com.RingPay.TestScripts.RingPayTestScripts" name="ringOtpApi_Negative" time="0.796"/>
  <system-out/>
  <testcase classname="com.RingPay.TestScripts.RingPayTestScripts" name="ringAuthApi_Positive" time="1.426"/>
  <system-out/>
  <testcase classname="com.RingPay.TestScripts.RingPayTestScripts" name="ringAuthApi_Negative" time="0.768"/>
  <system-out/>
</testsuite> <!-- com.RingPay.TestScripts.RingPayTestScripts -->
